[0mPOST /api/admin/upload-avatar [33m404 [0m14.258 ms - 163[0m
[0mPOST /api/admin/uploads [32m200 [0m18.702 ms - 119[0m
[0mPOST /api/admin/uploads [32m200 [0m4.761 ms - 119[0m
[0mPOST /api/admin/uploads [32m200 [0m8.311 ms - 119[0m
[0mPOST /api/admin/uploads [31m500 [0m14.882 ms - 2259[0m
[0mPOST /api/admin/uploads [32m200 [0m427.407 ms - 119[0m
[0mPUT /api/admin/products [32m200 [0m178.960 ms - 4[0m
[0mPUT /api/admin/products/623a2f1e21e94542417af26a [32m200 [0m62.204 ms - 268[0m
[0mPUT /api/admin/products/623a2f1e21e94542417af26a [32m200 [0m60.455 ms - 287[0m
[0mPUT /api/admin/products/623a2f1e21e94542417af26a [32m200 [0m5.820 ms - 287[0m
[0mGET /works [32m200 [0m321.383 ms - 743[0m
[0mGET /favicon.ico [32m200 [0m2.004 ms - 743[0m
[0mGET /educations [36m304 [0m85.751 ms - -[0m
[0mGET /favicon.ico [32m200 [0m4.964 ms - 743[0m
[0mGET /users [32m200 [0m135.597 ms - 743[0m
[0mGET /favicon.ico [32m200 [0m4.561 ms - 743[0m
[0mGET /users [36m304 [0m22.806 ms - -[0m
[0mGET /users [36m304 [0m23.172 ms - -[0m
[0mGET /users [36m304 [0m32.884 ms - -[0m
[0mGET /users [36m304 [0m22.629 ms - -[0m
[0mGET /users [36m304 [0m2.759 ms - -[0m
[0mGET /users [36m304 [0m2.945 ms - -[0m
[0mGET /users [36m304 [0m68.555 ms - -[0m
[0mGET /users [36m304 [0m3552.319 ms - -[0m
[0mGET /users [36m304 [0m57.512 ms - -[0m
[0mGET /users [36m304 [0m458.126 ms - -[0m
[0mGET /users [36m304 [0m27.000 ms - -[0m
[0mGET /users [36m304 [0m1.668 ms - -[0m
[0mGET /users [36m304 [0m42.871 ms - -[0m
[0mGET /users [36m304 [0m17.771 ms - -[0m
[0mGET /users [36m304 [0m28.525 ms - -[0m
[0mGET /users [36m304 [0m25.444 ms - -[0m
[0mGET /users [36m304 [0m2.790 ms - -[0m
[0mGET /favicon.ico [0m- [0m- ms - -[0m
[0mGET /users [36m304 [0m1.180 ms - -[0m
[0mGET /favicon.ico [32m200 [0m1.523 ms - 743[0m
[0mGET /users [36m304 [0m20.176 ms - -[0m
[0mGET /users [36m304 [0m1.874 ms - -[0m
[0mGET /users [32m200 [0m56.284 ms - 743[0m
[0mGET /favicon.ico [0m- [0m- ms - -[0m
[0mGET /users [36m304 [0m47.951 ms - -[0m
[0mGET /users [36m304 [0m69.591 ms - -[0m
[0mGET /users [36m304 [0m356.820 ms - -[0m
[0mGET /users [36m304 [0m4.629 ms - -[0m
[0mGET /users [36m304 [0m13.591 ms - -[0m
[0mGET /users [36m304 [0m16.272 ms - -[0m
[0mGET /api/admin/users [32m200 [0m2672.506 ms - 462[0m
[0mGET /users [36m304 [0m27.420 ms - -[0m
[0mGET /api/admin/users [36m304 [0m80.454 ms - -[0m
[0mGET /users [36m304 [0m32.204 ms - -[0m
[0mGET /api/admin/users [32m200 [0m92.604 ms - 462[0m
[0mGET /users [36m304 [0m35.676 ms - -[0m
[0mGET /api/admin/users [36m304 [0m119.859 ms - -[0m
[0mGET /users [36m304 [0m31.698 ms - -[0m
[0mGET /users [36m304 [0m1.927 ms - -[0m
[0mGET /users [36m304 [0m13.573 ms - -[0m
[0mGET /users [36m304 [0m32.077 ms - -[0m
[0mGET /users [36m304 [0m1.926 ms - -[0m
[0mGET /users [36m304 [0m22.082 ms - -[0m
[0mGET /api/admin/users [36m304 [0m72.891 ms - -[0m
[0mGET /users [36m304 [0m42.918 ms - -[0m
[0mGET /api/admin/users [36m304 [0m175.137 ms - -[0m
[0mGET /users [36m304 [0m43.960 ms - -[0m
[0mGET /api/admin/users [36m304 [0m55.389 ms - -[0m
[0mGET /users [36m304 [0m37.785 ms - -[0m
[0mGET /api/admin/users [32m200 [0m80.594 ms - 462[0m
[0mGET /users [36m304 [0m9.463 ms - -[0m
[0mGET /api/admin/users [36m304 [0m30.081 ms - -[0m
[0mGET /users [36m304 [0m33.991 ms - -[0m
[0mGET /api/admin/users [36m304 [0m60.612 ms - -[0m
[0mGET /users [36m304 [0m100.446 ms - -[0m
[0mGET /users [36m304 [0m3.729 ms - -[0m
[0mGET /users [36m304 [0m12.636 ms - -[0m
[0mGET /users [36m304 [0m2.068 ms - -[0m
[0mGET /users [36m304 [0m37.907 ms - -[0m
[0mGET /api/admin/users [32m200 [0m66.884 ms - 462[0m
[0mGET /api/admin/products [33m401 [0m1.134 ms - -[0m
[0mGET /products [32m200 [0m22.805 ms - 743[0m
[0mGET /api/admin/products [32m200 [0m84.599 ms - 241[0m
[0mGET /products [36m304 [0m19.541 ms - -[0m
[0mGET /api/admin/products [36m304 [0m87.243 ms - -[0m
[0mGET /products [36m304 [0m23.050 ms - -[0m
[0mGET /api/admin/products [36m304 [0m67.114 ms - -[0m
[0mGET /products [36m304 [0m19.038 ms - -[0m
[0mGET /api/admin/products [32m200 [0m76.797 ms - 389[0m
[0mGET /products [36m304 [0m27.585 ms - -[0m
[0mGET /api/admin/products [36m304 [0m87.475 ms - -[0m
[0mGET /products [36m304 [0m101.007 ms - -[0m
[0mGET /favicon.ico [32m200 [0m7.358 ms - 743[0m
[0mGET /api/admin/products [36m304 [0m86.796 ms - -[0m
[0mGET /products [36m304 [0m22.733 ms - -[0m
[0mGET /favicon.ico [32m200 [0m4.196 ms - 743[0m
[0mGET /api/admin/products [32m200 [0m74.181 ms - 389[0m
[0mGET /products [36m304 [0m24.427 ms - -[0m
[0mGET /favicon.ico [32m200 [0m1.918 ms - 743[0m
[0mGET /api/admin/products [36m304 [0m87.554 ms - -[0m
[0mGET /products [36m304 [0m36.199 ms - -[0m
[0mGET /api/admin/products [36m304 [0m115.244 ms - -[0m
[0mGET /products [36m304 [0m18.960 ms - -[0m
[0mGET /api/admin/products [36m304 [0m55.398 ms - -[0m
[0mGET /products [36m304 [0m14.351 ms - -[0m
[0mGET /api/admin/products [36m304 [0m189.624 ms - -[0m
[0mGET /products [36m304 [0m20.155 ms - -[0m
[0mGET /api/admin/products [32m200 [0m49.824 ms - 389[0m
[0mGET /products [32m200 [0m9.845 ms - 743[0m
[0mGET /products [36m304 [0m19.169 ms - -[0m
[0mGET /favicon.ico [32m200 [0m8.582 ms - 743[0m
[0mGET /api/admin/products [32m200 [0m133.460 ms - 389[0m
[0mPOST /api/admin/products/ [31m500 [0m5.688 ms - 2271[0m
[0mGET /products [36m304 [0m120.301 ms - -[0m
[0mGET /favicon.ico [32m200 [0m1.981 ms - 743[0m
[0mGET /api/admin/products [32m200 [0m75.415 ms - 389[0m
[0mGET /products [32m200 [0m17.937 ms - 743[0m
[0mGET /favicon.ico [32m200 [0m4.244 ms - 743[0m
[0mGET /api/admin/products [32m200 [0m57.880 ms - 389[0m
[0mGET /products [36m304 [0m39.845 ms - -[0m
[0mGET /api/admin/products [36m304 [0m84.557 ms - -[0m
[0mGET /products [36m304 [0m14.322 ms - -[0m
[0mGET /api/admin/products [36m304 [0m53.062 ms - -[0m
[0mGET /products [36m304 [0m47.804 ms - -[0m
[0mGET /favicon.ico [0m- [0m- ms - -[0m
[0mGET /api/admin/products [32m200 [0m46.687 ms - 389[0m
[0mGET /products [36m304 [0m21.240 ms - -[0m
[0mGET /api/admin/products [32m200 [0m139.379 ms - 389[0m
[0mGET /products [36m304 [0m207.894 ms - -[0m
[0mGET /favicon.ico [32m200 [0m2.102 ms - 743[0m
[0mGET /api/admin/products [32m200 [0m96.482 ms - 389[0m
[0mPOST /api/admin/products/ [0m- [0m- ms - -[0m
[0mGET /products [36m304 [0m7.241 ms - -[0m
[0mGET /api/admin/products [36m304 [0m12.430 ms - -[0m
[0mGET /products [36m304 [0m9.384 ms - -[0m
[0mGET /api/admin/products [36m304 [0m17.061 ms - -[0m
[0mGET /products [36m304 [0m14.159 ms - -[0m
[0mGET /api/admin/products [36m304 [0m50.838 ms - -[0m
[0mGET /products [36m304 [0m19.189 ms - -[0m
[0mGET /api/admin/products [36m304 [0m161.673 ms - -[0m
[0mGET /products [36m304 [0m37.588 ms - -[0m
[0mGET /api/admin/products [36m304 [0m102.084 ms - -[0m
[0mGET /api/admin/uploads [33m404 [0m11.672 ms - 156[0m
[0mGET /products [36m304 [0m20.900 ms - -[0m
[0mGET /favicon.ico [32m200 [0m1.951 ms - 743[0m
[0mGET /api/admin/products [32m200 [0m81.366 ms - 389[0m
[0mPOST /api/admin/uploads [31m500 [0m2.949 ms - 2[0m
[0mPOST /api/admin/uploads [31m500 [0m12.187 ms - 2[0m
[0mPOST /api/admin/uploads [31m500 [0m58.326 ms - 2[0m
[0mPOST /api/admin/uploads [31m500 [0m8.371 ms - 2[0m
[0mPOST /api/admin/uploads [31m500 [0m10.000 ms - 2[0m
[0mPOST /api/admin/uploads [31m500 [0m101.786 ms - 2[0m
[0mPOST /api/admin/uploads [32m200 [0m4.421 ms - 139[0m
[0mGET /products [36m304 [0m52.963 ms - -[0m
[0mGET /favicon.ico [32m200 [0m4.875 ms - 743[0m
[0mGET /api/admin/products [32m200 [0m73.778 ms - 389[0m
[0mPOST /api/admin/uploads [32m200 [0m1.641 ms - 139[0m
[0mGET /products [36m304 [0m10.571 ms - -[0m
[0mGET /favicon.ico [0m- [0m- ms - -[0m
[0mGET /api/admin/products [32m200 [0m66.828 ms - 389[0m
[0mPOST /api/admin/uploads [32m200 [0m1.529 ms - 139[0m
[0mGET /products [36m304 [0m22.156 ms - -[0m
[0mGET /favicon.ico [32m200 [0m8.985 ms - 743[0m
[0mGET /api/admin/products [36m304 [0m53.283 ms - -[0m
[0mPOST /api/admin/uploads [32m200 [0m1.771 ms - 139[0m
[0mPOST /api/admin/products/ [32m200 [0m212.136 ms - 132[0m
[0mGET /products [36m304 [0m123.980 ms - -[0m
[0mGET /api/admin/products [32m200 [0m107.180 ms - 522[0m
[0mPOST /api/admin/uploads [32m200 [0m1.911 ms - 139[0m
[0mPOST /api/admin/products/ [32m200 [0m68.545 ms - 222[0m
[0mGET /products [36m304 [0m3.267 ms - -[0m
[0mGET /api/admin/products [32m200 [0m30.292 ms - 745[0m
[0mGET /api/admin/products [36m304 [0m93.352 ms - -[0m
[0mGET /api/admin/users [32m200 [0m10.031 ms - 462[0m
[0mGET /api/admin/products [32m200 [0m20.833 ms - 745[0m
[0mGET /works [36m304 [0m83.617 ms - -[0m
[0mGET /orders [32m200 [0m10.649 ms - 743[0m
[0mGET /api/admin/products [32m200 [0m130.903 ms - 745[0m
[0mPUT /api/admin/products [33m404 [0m2.270 ms - 157[0m
[0mGET /api/admin/products [32m200 [0m55.424 ms - 162[0m
[0mGET /api/admin/products [32m200 [0m26.247 ms - 162[0m
[0mGET /api/admin/products [32m200 [0m179.971 ms - 841[0m
[0mGET /api/admin/products [32m200 [0m180.383 ms - 841[0m
[0mGET /api/admin/products [32m200 [0m575.791 ms - 886[0m
[0mGET /orders [36m304 [0m108.442 ms - -[0m
[0mGET /favicon.ico [32m200 [0m2.739 ms - 743[0m
[0mGET /orders [36m304 [0m493.950 ms - -[0m
[0mGET /api/admin/products [32m200 [0m1410.276 ms - 886[0m
[0mGET /orders [36m304 [0m10.813 ms - -[0m
[0mGET /api/admin/products [36m304 [0m153.562 ms - -[0m
[0mGET /orders [36m304 [0m28.867 ms - -[0m
[0mGET /api/admin/products [36m304 [0m127.685 ms - -[0m
[0mGET /login [32m200 [0m93.715 ms - 743[0m
[0mGET /favicon.ico [32m200 [0m2.098 ms - 743[0m
[0mPOST /auth/login/ [31m500 [0m36.729 ms - 145[0m
[0mPOST /auth/login/ [31m500 [0m4.644 ms - 145[0m
[0mPOST /auth/login/ [31m500 [0m0.822 ms - 145[0m
[0mGET /login [36m304 [0m21.198 ms - -[0m
[0mGET /favicon.ico [32m200 [0m2.614 ms - 743[0m
[0mPOST /auth/login/ [32m200 [0m58.785 ms - 225[0m
[0mGET /login [36m304 [0m10.896 ms - -[0m
[0mGET /favicon.ico [32m200 [0m2.251 ms - 743[0m
[0mPOST /auth/login/ [32m200 [0m63.850 ms - 225[0m
[0mGET /login [36m304 [0m2.806 ms - -[0m
[0mGET /login [36m304 [0m16.170 ms - -[0m
[0mPOST /auth/login/ [32m200 [0m152.418 ms - 225[0m
[0mGET /login [36m304 [0m10.951 ms - -[0m
[0mPOST /auth/login/ [31m500 [0m52.449 ms - 145[0m
[0mPOST /auth/login/ [32m200 [0m109.364 ms - 225[0m
[0mGET /login [36m304 [0m37.036 ms - -[0m
[0mGET /orders [36m304 [0m7.234 ms - -[0m
[0mGET /api/admin/products [32m200 [0m79.009 ms - 886[0m
[0mGET /orders [36m304 [0m41.110 ms - -[0m
[0mGET /api/admin/products [36m304 [0m120.047 ms - -[0m
[0mGET /orders [36m304 [0m48.120 ms - -[0m
[0mGET /api/admin/products [36m304 [0m52.136 ms - -[0m
[0mGET /orders [36m304 [0m25.655 ms - -[0m
[0mGET /api/admin/products [36m304 [0m102.899 ms - -[0m
[0mGET /orders [36m304 [0m18.566 ms - -[0m
[0mGET /api/admin/products [32m200 [0m99.530 ms - 886[0m
[0mGET /orders [36m304 [0m2.502 ms - -[0m
[0mPOST /auth/login/ [32m200 [0m43.854 ms - 225[0m
[0mGET /login [36m304 [0m54.025 ms - -[0m
[0mGET /favicon.ico [32m200 [0m5.741 ms - 743[0m
[0mPOST /auth/login/ [32m200 [0m66.641 ms - 225[0m
[0mPOST /auth/login/ [32m200 [0m5.700 ms - 225[0m
[0mGET /login [36m304 [0m36.536 ms - -[0m
[0mGET /favicon.ico [0m- [0m- ms - -[0m
[0mPOST /auth/login/ [32m200 [0m70.512 ms - 225[0m
[0mGET /login [36m304 [0m35.673 ms - -[0m
[0mGET /favicon.ico [32m200 [0m8.239 ms - 743[0m
[0mPOST /auth/login/ [32m200 [0m120.741 ms - 225[0m
[0mGET /login [36m304 [0m70.455 ms - -[0m
[0mGET /favicon.ico [32m200 [0m3.661 ms - 743[0m
[0mGET /login [36m304 [0m26.652 ms - -[0m
[0mGET /login [36m304 [0m181.791 ms - -[0m
[0mGET /favicon.ico [32m200 [0m20.244 ms - 743[0m
[0mPOST /auth/login/ [32m200 [0m70.990 ms - 225[0m
[0mGET /login [36m304 [0m40.362 ms - -[0m
[0mPOST /auth/login/ [32m200 [0m99.645 ms - 225[0m
[0mGET /login [36m304 [0m18.890 ms - -[0m
[0mPOST /auth/login/ [32m200 [0m298.131 ms - 225[0m
[0mGET /login [36m304 [0m134.594 ms - -[0m
[0mGET /favicon.ico [32m200 [0m51.484 ms - 743[0m
[0mPOST /auth/login/ [32m200 [0m72.914 ms - 225[0m
[0mGET /api/admin/products [32m200 [0m53.503 ms - 886[0m
[0mGET /orders [36m304 [0m1.824 ms - -[0m
[0mGET /favicon.ico [32m200 [0m1.206 ms - 743[0m
[0mGET /api/admin/products [32m200 [0m16.223 ms - 886[0m
[0mGET /orders [36m304 [0m14.546 ms - -[0m
[0mGET /api/admin/products [36m304 [0m100.034 ms - -[0m
[0mGET /orders [36m304 [0m23.622 ms - -[0m
[0mGET /api/admin/products [32m200 [0m93.077 ms - 886[0m
[0mGET /orders [36m304 [0m15.336 ms - -[0m
[0mGET /api/admin/products [36m304 [0m58.071 ms - -[0m
[0mGET /orders [36m304 [0m38.063 ms - -[0m
[0mGET /api/admin/products [36m304 [0m118.389 ms - -[0m
[0mGET /orders [36m304 [0m20.064 ms - -[0m
[0mGET /favicon.ico [0m- [0m- ms - -[0m
[0mGET /api/admin/products [32m200 [0m133.212 ms - 886[0m
[0mGET /orders [36m304 [0m13.051 ms - -[0m
[0mGET /api/admin/products [36m304 [0m102.960 ms - -[0m
[0mGET /orders [36m304 [0m38.702 ms - -[0m
[0mGET /favicon.ico [0m- [0m- ms - -[0m
[0mGET /api/admin/products [32m200 [0m111.046 ms - 886[0m
[0mGET /orders [36m304 [0m11.002 ms - -[0m
[0mGET /favicon.ico [32m200 [0m1.870 ms - 743[0m
[0mGET /api/admin/products [36m304 [0m93.132 ms - -[0m
[0mGET /orders [36m304 [0m13.758 ms - -[0m
[0mGET /favicon.ico [32m200 [0m2.015 ms - 743[0m
[0mGET /api/admin/products [32m200 [0m67.883 ms - 886[0m
[0mGET /login [36m304 [0m15.937 ms - -[0m
[0mGET /login [36m304 [0m3.078 ms - -[0m
[0mGET /login [36m304 [0m25.808 ms - -[0m
[0mGET /login [36m304 [0m27.027 ms - -[0m
[0mGET /login [36m304 [0m41.774 ms - -[0m
[0mGET /login [36m304 [0m23.085 ms - -[0m
[0mGET /login [36m304 [0m31.244 ms - -[0m
[0mGET /favicon.ico [32m200 [0m4.735 ms - 743[0m
[0mPOST /auth/login/ [32m200 [0m91.198 ms - 225[0m
[0mGET /api/admin/orders [33m404 [0m1.637 ms - 155[0m
[0mPOST /auth/login/ [32m200 [0m58.537 ms - 225[0m
[0mGET /api/admin/orders [33m404 [0m3.322 ms - 155[0m
[0mGET /api/admin/orders [33m404 [0m0.800 ms - 155[0m
[0mGET /orders [36m304 [0m20.423 ms - -[0m
[0mGET /api/admin/orders [33m404 [0m0.452 ms - 155[0m
[0mPOST /auth/login/ [32m200 [0m81.880 ms - 225[0m
[0mGET /api/admin/orders [33m404 [0m1.666 ms - 155[0m
[0mGET /api/admin/orders [33m404 [0m1.793 ms - 155[0m
[0mGET /orders [36m304 [0m25.483 ms - -[0m
[0mGET /api/admin/orders [33m404 [0m4.121 ms - 155[0m
[0mGET /orders [36m304 [0m15.863 ms - -[0m
[0mGET /api/admin/orders [33m404 [0m2.294 ms - 155[0m
[0mGET /orders [36m304 [0m22.823 ms - -[0m
[0mGET /orders [36m304 [0m33.795 ms - -[0m
[0mGET /orders [36m304 [0m20.258 ms - -[0m
[0mGET /api/admin/orders [32m200 [0m87.999 ms - 886[0m
[0mGET /api/admin/products [36m304 [0m51.921 ms - -[0m
[0mGET /api/admin/orders [32m200 [0m11.172 ms - 886[0m
[0mGET /api/admin/users [32m200 [0m18.692 ms - 462[0m
[0mGET /api/admin/products [32m200 [0m124.015 ms - 886[0m
[0mGET /api/admin/orders [32m200 [0m18.454 ms - 886[0m
[0mGET /orders [36m304 [0m240.516 ms - -[0m
[0mGET /favicon.ico [32m200 [0m3.663 ms - 743[0m
[0mGET /api/admin/orders [32m200 [0m821.760 ms - 886[0m
[0mGET /orders [36m304 [0m1.379 ms - -[0m
[0mGET /favicon.ico [32m200 [0m11.042 ms - 743[0m
[0mGET /api/admin/orders [32m200 [0m24.442 ms - 886[0m
[0mGET /orders [36m304 [0m963.075 ms - -[0m
[0mGET /favicon.ico [32m200 [0m1.650 ms - 743[0m
[0mGET /api/admin/orders [32m200 [0m854.482 ms - 886[0m
[0mGET /orders [36m304 [0m180.651 ms - -[0m
[0mGET /favicon.ico [32m200 [0m2.099 ms - 743[0m
[0mGET /api/admin/orders [32m200 [0m86.805 ms - 886[0m
[0mGET /orders [36m304 [0m182.808 ms - -[0m
[0mGET /favicon.ico [32m200 [0m2.691 ms - 743[0m
[0mGET /api/admin/orders [32m200 [0m1063.619 ms - 886[0m
[0mGET /orders [32m200 [0m31.018 ms - 743[0m
[0mGET /favicon.ico [32m200 [0m3.034 ms - 743[0m
[0mGET /api/admin/orders [32m200 [0m112.322 ms - 886[0m
[0mGET /orders [36m304 [0m19.638 ms - -[0m
[0mGET /api/admin/orders [36m304 [0m29.552 ms - -[0m
[0mGET /orders [36m304 [0m59.855 ms - -[0m
[0mGET /api/admin/orders [32m200 [0m126.101 ms - 886[0m
[0mGET /orders [36m304 [0m63.338 ms - -[0m
[0mGET /api/admin/orders [36m304 [0m147.646 ms - -[0m
[0mGET /orders [36m304 [0m1461.192 ms - -[0m
[0mGET /api/admin/orders [32m200 [0m50.586 ms - 886[0m
[0mGET /orders [36m304 [0m274.766 ms - -[0m
[0mGET /api/admin/orders [32m200 [0m100.001 ms - 925[0m
[0mGET /api/admin/products [32m200 [0m25.851 ms - 925[0m
[0mGET /products [36m304 [0m80.993 ms - -[0m
[0mGET /api/admin/products [32m200 [0m574.073 ms - 1024[0m
[0mGET /products [36m304 [0m11.547 ms - -[0m
[0mGET /api/admin/products [36m304 [0m136.284 ms - -[0m
[0mGET /products [36m304 [0m4.219 ms - -[0m
[0mGET /api/admin/products [36m304 [0m26.581 ms - -[0m
[0mGET /products [36m304 [0m1.485 ms - -[0m
[0mGET /api/admin/products [36m304 [0m31.639 ms - -[0m
[0mGET /products [36m304 [0m81.957 ms - -[0m
[0mGET /api/admin/products [32m200 [0m112.130 ms - 1024[0m
[0mGET /products [36m304 [0m241.695 ms - -[0m
[0mGET /api/admin/products [36m304 [0m116.866 ms - -[0m
[0mGET /products [36m304 [0m38.424 ms - -[0m
[0mGET /api/admin/products [32m200 [0m125.962 ms - 1024[0m
[0mPOST /api/admin/uploads [32m200 [0m7.190 ms - 139[0m
[0mPOST /api/admin/products/ [33m401 [0m2.268 ms - -[0m
[0mPOST /api/admin/uploads [32m200 [0m23.361 ms - 139[0m
[0mPOST /api/admin/products/ [33m401 [0m0.365 ms - -[0m
[0mGET /products [36m304 [0m181.664 ms - -[0m
[0mGET /favicon.ico [32m200 [0m1.991 ms - 743[0m
[0mGET /api/admin/products [33m401 [0m1.238 ms - -[0m
[0mGET /products [36m304 [0m82.557 ms - -[0m
[0mGET /favicon.ico [0m- [0m- ms - -[0m
[0mGET /api/admin/products [32m200 [0m168.680 ms - 1024[0m
[0mPOST /api/admin/uploads [32m200 [0m2.908 ms - 139[0m
[0mPOST /api/admin/products/ [33m401 [0m0.741 ms - -[0m
[0mGET /products [32m200 [0m1752.382 ms - 743[0m
[0mGET /favicon.ico [32m200 [0m16.586 ms - 743[0m
[0mGET /api/admin/products [32m200 [0m420.675 ms - 1024[0m
[0mPOST /api/admin/uploads [32m200 [0m80.548 ms - 139[0m
[0mPOST /api/admin/uploads [32m200 [0m13.436 ms - 139[0m
[0mGET /products [36m304 [0m113.616 ms - -[0m
[0mGET /favicon.ico [32m200 [0m2.154 ms - 743[0m
[0mGET /api/admin/products [32m200 [0m122.056 ms - 1024[0m
[0mPOST /api/admin/uploads [32m200 [0m7.642 ms - 139[0m
[0mGET /products [36m304 [0m18.253 ms - -[0m
[0mGET /api/admin/products [32m200 [0m122.888 ms - 1024[0m
[0mGET /products [36m304 [0m37.322 ms - -[0m
[0mGET /api/admin/products [32m200 [0m168.823 ms - 1024[0m
[0mPOST /api/admin/uploads [32m200 [0m2.129 ms - 139[0m
[0mPOST /api/admin/products/ [32m200 [0m286.310 ms - 242[0m
[0mGET /api/admin/products [32m200 [0m15.330 ms - 1344[0m
[0mGET /products [36m304 [0m22.189 ms - -[0m
[0mGET /api/admin/products [32m200 [0m59.015 ms - 1392[0m
[0mPOST /api/admin/uploads [32m200 [0m6.954 ms - 109[0m
[0mPOST /api/admin/products/ [32m200 [0m107.868 ms - 227[0m
[0mGET /api/admin/products [32m200 [0m24.001 ms - 1732[0m
[0mGET /api/admin/orders [32m200 [0m276.962 ms - 1732[0m
[0mGET /orders [32m200 [0m844.188 ms - 743[0m
[0mGET /orders [36m304 [0m2.330 ms - -[0m
[0mGET /favicon.ico [32m200 [0m2.759 ms - 743[0m
[0mGET /api/admin/orders [32m200 [0m62.817 ms - 1732[0m
[0mGET /orders [36m304 [0m44.330 ms - -[0m
[0mGET /favicon.ico [32m200 [0m1.989 ms - 743[0m
[0mGET /api/admin/orders [32m200 [0m126.484 ms - 1732[0m
[0mGET /orders [36m304 [0m25.779 ms - -[0m
[0mGET /favicon.ico [0m- [0m- ms - -[0m
[0mGET /api/admin/orders [36m304 [0m75.802 ms - -[0m
[0mGET /orders [36m304 [0m331.857 ms - -[0m
[0mGET /favicon.ico [32m200 [0m5.624 ms - 743[0m
[0mGET /api/admin/orders [32m200 [0m67.426 ms - 1732[0m
[0mGET /orders [36m304 [0m2.206 ms - -[0m
[0mGET /api/admin/orders [36m304 [0m37.821 ms - -[0m
[0mGET /api/admin/products [32m200 [0m51.378 ms - 1732[0m
[0mGET /products [36m304 [0m16.792 ms - -[0m
[0mGET /api/admin/products [36m304 [0m147.402 ms - -[0m
[0mGET /api/admin/orders [32m200 [0m36.135 ms - 1732[0m
[0mGET /orders [36m304 [0m37.296 ms - -[0m
[0mGET /favicon.ico [32m200 [0m1.900 ms - 743[0m
[0mGET /api/admin/orders [32m200 [0m98.151 ms - 1732[0m
[0mGET /orders [36m304 [0m55.173 ms - -[0m
[0mGET /orders [36m304 [0m2.290 ms - -[0m
[0mGET /orders [36m304 [0m145.919 ms - -[0m
[0mGET /api/admin/orders [36m304 [0m56.134 ms - -[0m
[0mGET /orders [36m304 [0m43.211 ms - -[0m
[0mGET /favicon.ico [32m200 [0m2.133 ms - 743[0m
[0mGET /api/admin/orders [32m200 [0m108.750 ms - 1732[0m
[0mGET /orders [36m304 [0m12.601 ms - -[0m
[0mGET /api/admin/orders [36m304 [0m73.416 ms - -[0m
[0mGET /orders [36m304 [0m11.784 ms - -[0m
[0mGET /api/admin/orders [36m304 [0m146.807 ms - -[0m
[0mGET /orders [36m304 [0m22.617 ms - -[0m
[0mGET /api/admin/orders [36m304 [0m102.484 ms - -[0m
[0mGET /orders [36m304 [0m13.268 ms - -[0m
[0mGET /api/admin/orders [36m304 [0m67.509 ms - -[0m
[0mGET /orders [36m304 [0m15.251 ms - -[0m
[0mGET /api/admin/orders [36m304 [0m63.751 ms - -[0m
[0mGET /orders [36m304 [0m18.778 ms - -[0m
[0mGET /api/admin/orders [36m304 [0m112.537 ms - -[0m
[0mGET /orders [36m304 [0m150.700 ms - -[0m
[0mGET /api/admin/orders [36m304 [0m116.416 ms - -[0m
[0mGET /orders [36m304 [0m20.095 ms - -[0m
[0mGET /api/admin/orders [36m304 [0m86.982 ms - -[0m
[0mGET /favicon.ico [32m200 [0m241.167 ms - 743[0m
[0mGET /api/admin/orders [0m- [0m- ms - -[0m
[0mGET /api/admin/products [32m200 [0m32.140 ms - 1732[0m
[0mGET /api/admin/users [32m200 [0m61.649 ms - 462[0m
[0mGET /api/admin/products [36m304 [0m44.067 ms - -[0m
[0mGET /api/admin/orders [36m304 [0m30.878 ms - -[0m
[0mGET /orders [36m304 [0m28.384 ms - -[0m
[0mGET /api/admin/orders [36m304 [0m144.146 ms - -[0m
[0mGET /orders [36m304 [0m13.154 ms - -[0m
[0mGET /api/admin/orders [36m304 [0m133.412 ms - -[0m
[0mGET /orders [36m304 [0m12.703 ms - -[0m
[0mGET /api/admin/orders [36m304 [0m117.854 ms - -[0m
[0mGET /orders [36m304 [0m18.911 ms - -[0m
[0mGET /api/admin/orders [36m304 [0m105.314 ms - -[0m
[0mGET /orders [36m304 [0m11.983 ms - -[0m
[0mGET /api/admin/orders [36m304 [0m65.302 ms - -[0m
[0mGET /orders [36m304 [0m12.822 ms - -[0m
[0mGET /api/admin/orders [36m304 [0m119.193 ms - -[0m
[0mGET /orders [36m304 [0m18.072 ms - -[0m
[0mGET /api/admin/orders [36m304 [0m57.168 ms - -[0m
[0mGET /orders [36m304 [0m17.606 ms - -[0m
[0mGET /api/admin/orders [32m200 [0m66.840 ms - 1732[0m
[0mGET /favicon.ico [32m200 [0m11.440 ms - 743[0m
[0mGET /orders [36m304 [0m13.855 ms - -[0m
[0mGET /api/admin/orders [36m304 [0m72.190 ms - -[0m
[0mGET /orders [36m304 [0m16.742 ms - -[0m
[0mGET /api/admin/orders [36m304 [0m92.407 ms - -[0m
[0mGET /orders [36m304 [0m13.347 ms - -[0m
[0mGET /api/admin/orders [36m304 [0m96.656 ms - -[0m
[0mGET /orders [36m304 [0m12.311 ms - -[0m
[0mGET /api/admin/orders [36m304 [0m81.531 ms - -[0m
[0mGET /orders [36m304 [0m20.407 ms - -[0m
[0mGET /api/admin/orders [36m304 [0m57.379 ms - -[0m
[0mGET /orders [36m304 [0m15.233 ms - -[0m
[0mGET /api/admin/orders [36m304 [0m53.200 ms - -[0m
[0mGET /orders [36m304 [0m18.763 ms - -[0m
[0mGET /api/admin/orders [36m304 [0m99.182 ms - -[0m
[0mGET /orders [36m304 [0m26.619 ms - -[0m
[0mGET /api/admin/orders [36m304 [0m118.332 ms - -[0m
[0mGET /orders [36m304 [0m15.705 ms - -[0m
[0mGET /api/admin/orders [36m304 [0m132.851 ms - -[0m
[0mGET /orders [36m304 [0m10.912 ms - -[0m
[0mGET /api/admin/orders [36m304 [0m73.828 ms - -[0m
[0mGET /orders [36m304 [0m14.666 ms - -[0m
[0mGET /api/admin/orders [36m304 [0m74.868 ms - -[0m
[0mGET /orders [36m304 [0m44.626 ms - -[0m
[0mGET /api/admin/orders [36m304 [0m100.908 ms - -[0m
[0mGET /orders [36m304 [0m33.626 ms - -[0m
[0mGET /api/admin/orders [36m304 [0m135.674 ms - -[0m
[0mGET /orders [36m304 [0m12.534 ms - -[0m
[0mGET /api/admin/orders [36m304 [0m72.483 ms - -[0m
[0mPUT /api/admin/orders/623a2f1e21e94542417af26a [32m200 [0m80.016 ms - 287[0m
[0mGET /api/admin/orders [32m200 [0m31.242 ms - 1725[0m
[0mGET /orders [36m304 [0m22.265 ms - -[0m
[0mGET /api/admin/orders [36m304 [0m168.873 ms - -[0m
[0mGET /null [32m200 [0m1.866 ms - 743[0m
[0mGET /orders [36m304 [0m18.453 ms - -[0m
[0mGET /api/admin/orders [36m304 [0m56.805 ms - -[0m
[0mGET /null [36m304 [0m1.856 ms - -[0m
[0mGET /null [36m304 [0m1.042 ms - -[0m
[0mGET /nefty.png [32m200 [0m2.215 ms - 743[0m
[0mGET /nefty.png [36m304 [0m1.483 ms - -[0m
[0mGET /assets/files/nefty.png [33m404 [0m1.490 ms - 161[0m
[0mGET /assets/files/nefty.png [33m404 [0m0.708 ms - 161[0m
[0mGET /assets/files/nefty.png [33m404 [0m0.360 ms - 161[0m
[0mGET /assets/files/nefty.png [33m404 [0m0.449 ms - 161[0m
[0mGET /assets/files/nefty.png [33m404 [0m0.315 ms - 161[0m
[0mGET /orders [36m304 [0m1.147 ms - -[0m
[0mGET /favicon.ico [32m200 [0m1.102 ms - 743[0m
[0mGET /api/admin/orders [32m200 [0m60.577 ms - 1725[0m
[0mGET /orders [36m304 [0m11.192 ms - -[0m
[0mGET /favicon.ico [32m200 [0m10.853 ms - 743[0m
[0mGET /api/admin/orders [36m304 [0m99.347 ms - -[0m
[0mGET /assets/files/null [33m404 [0m1.669 ms - 156[0m
[0mGET /assets/files/null [33m404 [0m0.712 ms - 156[0m
[0mGET /null [36m304 [0m1.133 ms - -[0m
[0mGET /orders [36m304 [0m1.165 ms - -[0m
[0mGET /api/admin/orders [36m304 [0m30.881 ms - -[0m
[0mGET /favicon.ico [32m200 [0m4.180 ms - 743[0m
[0mGET /orders [36m304 [0m29.665 ms - -[0m
[0mGET /favicon.ico [0m- [0m- ms - -[0m
[0mGET /api/admin/orders [36m304 [0m109.120 ms - -[0m
[0mGET /files/null [33m404 [0m1.749 ms - 149[0m
[0mGET /files/null [33m404 [0m0.726 ms - 149[0m
[0mGET /null [32m200 [0m1.407 ms - 743[0m
[0mPUT /api/admin/orders/623a2f1e21e94542417af26a [32m200 [0m42.493 ms - 281[0m
[0mGET /api/admin/orders [32m200 [0m12.324 ms - 1722[0m
[0mGET /orders [36m304 [0m10.516 ms - -[0m
[0mGET /api/admin/orders [36m304 [0m135.389 ms - -[0m
[0mGET /files/null [33m404 [0m1.640 ms - 149[0m
[0mGET /files/null [33m404 [0m0.693 ms - 149[0m
[0mGET /null [36m304 [0m1.788 ms - -[0m
[0mPUT /api/admin/orders/623a2f1e21e94542417af26a [32m200 [0m51.107 ms - 281[0m
[0mGET /api/admin/orders [32m200 [0m38.215 ms - 1725[0m
[0mGET /orders [36m304 [0m25.185 ms - -[0m
[0mGET /favicon.ico [0m- [0m- ms - -[0m
[0mGET /api/admin/orders [32m200 [0m57.271 ms - 1725[0m
[0mGET /orders [36m304 [0m31.354 ms - -[0m
[0mGET /favicon.ico [32m200 [0m2.204 ms - 743[0m
[0mGET /api/admin/orders [32m200 [0m97.675 ms - 1725[0m
[0mGET /orders [36m304 [0m19.409 ms - -[0m
[0mGET /api/admin/orders [36m304 [0m138.487 ms - -[0m
[0mGET /orders [36m304 [0m33.526 ms - -[0m
[0mGET /api/admin/orders [36m304 [0m170.333 ms - -[0m
[0mGET /orders [36m304 [0m30.771 ms - -[0m
[0mGET /api/admin/orders [36m304 [0m147.296 ms - -[0m
[0mGET /orders [36m304 [0m11.978 ms - -[0m
[0mGET /api/admin/orders [36m304 [0m100.614 ms - -[0m
[0mGET /orders [36m304 [0m41.901 ms - -[0m
[0mGET /api/admin/orders [36m304 [0m103.935 ms - -[0m
[0mGET /orders [36m304 [0m29.795 ms - -[0m
[0mGET /api/admin/orders [36m304 [0m118.721 ms - -[0m
[0mGET /orders [36m304 [0m28.943 ms - -[0m
[0mGET /api/admin/orders [36m304 [0m264.243 ms - -[0m
[0mGET /orders [36m304 [0m12.079 ms - -[0m
[0mGET /favicon.ico [32m200 [0m3.028 ms - 743[0m
[0mGET /orders [36m304 [0m11.072 ms - -[0m
[0mGET /favicon.ico [0m- [0m- ms - -[0m
[0mGET /orders [36m304 [0m33.343 ms - -[0m
[0mGET /orders [36m304 [0m11.558 ms - -[0m
[0mGET /api/admin/orders [32m200 [0m225.304 ms - 2[0m
[0mGET /orders [36m304 [0m29.153 ms - -[0m
[0mGET /api/admin/orders [36m304 [0m145.134 ms - -[0m
[0mGET /orders [36m304 [0m20.204 ms - -[0m
[0mGET /favicon.ico [32m200 [0m2.230 ms - 743[0m
[0mGET /api/admin/orders [32m200 [0m131.996 ms - 1725[0m
[0mGET /orders [36m304 [0m36.709 ms - -[0m
[0mGET /api/admin/orders [32m200 [0m171.900 ms - 1083[0m
[0mGET /files/ [32m200 [0m1.926 ms - 743[0m
[0mGET /files/ [36m304 [0m1.164 ms - -[0m
[0mGET / [33m404 [0m6.036 ms - 139[0m
[0mPUT /api/admin/orders/623a7e80fc35a93b128f57c5 [32m200 [0m28.480 ms - 206[0m
[0mGET /api/admin/orders [32m200 [0m52.780 ms - 870[0m
[0mGET /api/admin/products [32m200 [0m40.488 ms - 1761[0m
[0mGET /products [36m304 [0m35.036 ms - -[0m
[0mGET /favicon.ico [0m- [0m- ms - -[0m
[0mGET /api/admin/products [32m200 [0m101.545 ms - 1761[0m
[0mGET /products [36m304 [0m2.292 ms - -[0m
[0mGET /api/admin/products [32m200 [0m23.730 ms - 1761[0m
[0mGET /products [36m304 [0m11.661 ms - -[0m
[0mGET /favicon.ico [32m200 [0m2.076 ms - 743[0m
[0mGET /api/admin/products [32m200 [0m162.721 ms - 1761[0m
[0mPOST /api/admin/uploads [32m200 [0m32.798 ms - 109[0m
[0mGET /products [36m304 [0m15.523 ms - -[0m
[0mGET /api/admin/products [36m304 [0m121.913 ms - -[0m
[0mPOST /api/admin/uploads [32m200 [0m4.085 ms - 139[0m
[0mPUT /api/admin/products/623a7e80fc35a93b128f57c5 [32m200 [0m112.714 ms - 239[0m
[0mGET /api/admin/products [32m200 [0m42.349 ms - 1810[0m
[0mGET /products [36m304 [0m7.120 ms - -[0m
[0mGET /api/admin/products [36m304 [0m35.655 ms - -[0m
[0mGET /products [36m304 [0m11.648 ms - -[0m
[0mGET /api/admin/products [36m304 [0m130.030 ms - -[0m
[0mGET /api/admin/users [32m200 [0m11.889 ms - 462[0m
[0mGET /api/admin/orders [32m200 [0m21.945 ms - 1168[0m
[0mGET /api/admin/orders [36m304 [0m24.794 ms - -[0m
[0mGET /api/admin/products [32m200 [0m22.492 ms - 1810[0m
[0mGET /api/admin/users [36m304 [0m59.662 ms - -[0m
[0mGET /api/admin/orders [36m304 [0m133.829 ms - -[0m
[0mGET /nefty.png [32m200 [0m17.221 ms - 743[0m
[0mGET /api/admin/users [32m200 [0m8.481 ms - 462[0m
[0mGET /api/admin/products [32m200 [0m43.105 ms - 1810[0m
[0mGET /api/admin/orders [36m304 [0m49.293 ms - -[0m
[0mGET /api/admin/orders [36m304 [0m16.919 ms - -[0m
[0mGET /api/admin/products [36m304 [0m75.630 ms - -[0m
[0mGET /api/admin/users [36m304 [0m7.163 ms - -[0m
[0mGET /login [36m304 [0m17.848 ms - -[0m
[0mGET /favicon.ico [0m- [0m- ms - -[0m
[0mGET /api/admin/products [33m401 [0m0.695 ms - -[0m
[0mGET /api/admin/users [36m304 [0m11.369 ms - -[0m
[0mGET /api/admin/orders [33m401 [0m0.278 ms - -[0m
[0mGET /orders [36m304 [0m32.433 ms - -[0m
[0mGET /favicon.ico [32m200 [0m1.844 ms - 743[0m
[0mGET /api/admin/orders [33m401 [0m1.440 ms - -[0m
[0mPOST /auth/login/ [31m500 [0m10.288 ms - 145[0m
[0mGET /login [36m304 [0m20.063 ms - -[0m
[0mGET /favicon.ico [0m- [0m- ms - -[0m
[0mPOST /auth/login/ [31m500 [0m16.038 ms - 145[0m
[0mPOST /auth/login/ [31m500 [0m1.506 ms - 145[0m
[0mGET /api/admin/users [32m200 [0m47.219 ms - 462[0m
[0mGET /api/admin/products [33m401 [0m0.802 ms - -[0m
[0mGET /products [36m304 [0m2.601 ms - -[0m
[0mGET /favicon.ico [0m- [0m- ms - -[0m
[0mGET /api/admin/products [33m401 [0m1.023 ms - -[0m
[0mGET /api/admin/users [36m304 [0m18.155 ms - -[0m
[0mPOST /auth/login/ [32m200 [0m23.825 ms - 225[0m
[0mGET /api/admin/orders [33m401 [0m0.309 ms - -[0m
[0mGET /orders [36m304 [0m1.539 ms - -[0m
[0mGET /api/admin/orders [32m200 [0m48.723 ms - 1168[0m
[0mGET /Screenshot%20from%202021-02-09%2017-35-58.png [32m200 [0m1.202 ms - 743[0m
[0mGET /api/admin/products [32m200 [0m23.025 ms - 1810[0m
[0mGET /api/admin/users [36m304 [0m7.938 ms - -[0m
[0mGET /api/admin/orders [36m304 [0m20.955 ms - -[0m
[0mGET /api/admin/users [36m304 [0m4.669 ms - -[0m
[0mGET /api/admin/orders [36m304 [0m20.055 ms - -[0m
[0mGET /api/admin/orders [36m304 [0m46.672 ms - -[0m
[0mGET /Screenshot%20from%202021-02-09%2017-35-58.png [36m304 [0m2.903 ms - -[0m
[0mGET /api/admin/users [36m304 [0m8.707 ms - -[0m
[0mGET /api/admin/products [36m304 [0m16.335 ms - -[0m
[0mGET /api/admin/orders [36m304 [0m16.692 ms - -[0m
[0mGET /orders [36m304 [0m28.366 ms - -[0m
[0mGET /favicon.ico [0m- [0m- ms - -[0m
[0mGET /api/admin/orders [33m401 [0m1.543 ms - -[0m
[0mPOST /auth/login/ [32m200 [0m74.552 ms - 225[0m
[0mGET /api/admin/orders [33m401 [0m0.711 ms - -[0m
[0mGET /api/admin/products [33m401 [0m1.461 ms - -[0m
[0mGET /products [36m304 [0m11.399 ms - -[0m
[0mGET /favicon.ico [0m- [0m- ms - -[0m
[0mGET /api/admin/products [32m200 [0m174.999 ms - 1810[0m
[0mPOST /auth/login/ [32m200 [0m38.899 ms - 225[0m
[0mGET /api/admin/orders [32m200 [0m42.911 ms - 1168[0m
[0mGET /orders [36m304 [0m43.076 ms - -[0m
[0mGET /favicon.ico [32m200 [0m11.866 ms - 743[0m
[0mGET /api/admin/orders [32m200 [0m191.725 ms - 1168[0m
[0mGET / [33m404 [0m1.911 ms - 139[0m
[0mGET / [32m200 [0m10.516 ms - 743[0m
[0mGET /favicon.ico [32m200 [0m2.494 ms - 743[0m
[0mGET /api/user/products [33m404 [0m1.874 ms - 156[0m
[0mGET /api/admin/products [32m200 [0m61.348 ms - 1810[0m
[0mGET /api/admin/users [36m304 [0m21.076 ms - -[0m
[0mGET / [36m304 [0m1.284 ms - -[0m
[0mGET /api/user/products [33m404 [0m0.894 ms - 156[0m
[0mGET / [36m304 [0m20.431 ms - -[0m
[0mGET /favicon.ico [0m- [0m- ms - -[0m
[0mGET /api/user/products [33m404 [0m2.149 ms - 156[0m
[0mGET / [36m304 [0m29.789 ms - -[0m
[0mGET /api/front/products [32m200 [0m102.694 ms - 1810[0m
[0mGET / [36m304 [0m4.619 ms - -[0m
[0mGET /favicon.ico [32m200 [0m1.803 ms - 743[0m
[0mGET /api/front/products [32m200 [0m32.082 ms - 1810[0m
[0mGET / [36m304 [0m10.253 ms - -[0m
[0mGET /favicon.ico [32m200 [0m2.290 ms - 743[0m
[0mGET /api/front/products [32m200 [0m85.464 ms - 1810[0m
[0mGET / [36m304 [0m29.284 ms - -[0m
[0mGET /api/front/products [32m200 [0m134.613 ms - 1810[0m
[0mGET / [36m304 [0m39.402 ms - -[0m
[0mGET /favicon.ico [0m- [0m- ms - -[0m
[0mGET /api/front/products [32m200 [0m103.067 ms - 1810[0m
[0mGET / [36m304 [0m18.238 ms - -[0m
[0mGET /favicon.ico [32m200 [0m2.596 ms - 743[0m
[0mGET /api/front/products [32m200 [0m132.717 ms - 1810[0m
[0mGET /files/null [33m404 [0m1.981 ms - 149[0m
[0mGET / [36m304 [0m32.450 ms - -[0m
[0mGET /favicon.ico [32m200 [0m2.268 ms - 743[0m
[0mGET /api/front/products [32m200 [0m109.494 ms - 1810[0m
[0mGET /files/null [33m404 [0m1.778 ms - 149[0m
[0mGET / [36m304 [0m10.387 ms - -[0m
[0mGET /favicon.ico [0m- [0m- ms - -[0m
[0mGET /api/front/products [32m200 [0m103.606 ms - 1810[0m
[0mGET /files/null [33m404 [0m1.861 ms - 149[0m
[0mGET /api/admin/products [32m200 [0m23.739 ms - 1810[0m
[0mGET /api/admin/users [32m200 [0m25.615 ms - 462[0m
[0mGET /api/admin/users [36m304 [0m10.958 ms - -[0m
[0mGET /api/admin/products [32m200 [0m26.646 ms - 1810[0m
[0mGET /api/admin/orders [36m304 [0m36.683 ms - -[0m
[0mGET /api/admin/products [36m304 [0m25.784 ms - -[0m
[0mGET /api/admin/orders [36m304 [0m20.519 ms - -[0m
[0mGET /orders [36m304 [0m11.158 ms - -[0m
[0mGET /favicon.ico [32m200 [0m1.986 ms - 743[0m
[0mGET /api/admin/orders [33m401 [0m2.002 ms - -[0m
[0mGET /api/admin/orders [33m401 [0m1.428 ms - -[0m
[0mPOST /auth/login/ [31m500 [0m16.236 ms - 145[0m
[0mGET /api/admin/orders [33m401 [0m0.318 ms - -[0m
[0mPOST /auth/login/ [32m200 [0m132.947 ms - 225[0m
[0mGET /api/admin/orders [33m401 [0m0.322 ms - -[0m
[0mGET /api/admin/products [33m401 [0m0.275 ms - -[0m
[0mGET /products [36m304 [0m1.919 ms - -[0m
[0mGET /api/admin/products [32m200 [0m90.573 ms - 1810[0m
[0mGET /api/admin/orders [32m200 [0m22.322 ms - 1168[0m
[0mGET /api/admin/users [36m304 [0m7.061 ms - -[0m
[0mGET /api/admin/products [36m304 [0m27.259 ms - -[0m
[0mGET /api/admin/orders [36m304 [0m32.191 ms - -[0m
[0mGET /api/admin/products [36m304 [0m25.366 ms - -[0m
[0mPOST /auth/login/ [31m500 [0m1.222 ms - 145[0m
[0mGET /api/admin/orders [32m200 [0m30.642 ms - 1168[0m
[0mGET /login [36m304 [0m37.962 ms - -[0m
[0mGET /favicon.ico [0m- [0m- ms - -[0m
[0mPOST /auth/login/ [32m200 [0m154.151 ms - 225[0m
[0mGET /api/admin/orders [33m401 [0m2.111 ms - -[0m
[0mGET /api/admin/products [33m401 [0m0.658 ms - -[0m
[0mGET /products [36m304 [0m10.185 ms - -[0m
[0mGET /api/admin/products [32m200 [0m139.469 ms - 1810[0m
[0mPOST /auth/login/ [32m200 [0m62.339 ms - 225[0m
[0mGET /login [36m304 [0m40.377 ms - -[0m
[0mPOST /auth/login/ [32m200 [0m88.961 ms - 225[0m
[0mGET /login [36m304 [0m19.005 ms - -[0m
[0mGET /favicon.ico [32m200 [0m2.012 ms - 743[0m
[0mGET /login [36m304 [0m33.676 ms - -[0m
[0mGET /favicon.ico [32m200 [0m2.103 ms - 743[0m
[0mPOST /auth/login/ [32m200 [0m148.353 ms - 225[0m
[0mGET /api/admin/orders [33m401 [0m1.619 ms - -[0m
[0mGET /api/admin/products [33m401 [0m0.617 ms - -[0m
[0mGET /products [36m304 [0m11.260 ms - -[0m
[0mGET /favicon.ico [32m200 [0m10.378 ms - 743[0m
[0mGET /api/admin/products [32m200 [0m172.720 ms - 1810[0m
[0mGET /login [36m304 [0m2.415 ms - -[0m
[0mGET /favicon.ico [32m200 [0m1.348 ms - 743[0m
[0mPOST /auth/login/ [32m200 [0m27.056 ms - 225[0m
[0mGET /api/admin/orders [33m401 [0m1.069 ms - -[0m
[0mGET /orders [36m304 [0m11.869 ms - -[0m
[0mGET /favicon.ico [32m200 [0m2.185 ms - 743[0m
[0mGET /api/admin/orders [33m401 [0m1.742 ms - -[0m
[0mGET /orders [36m304 [0m21.186 ms - -[0m
[0mGET /api/admin/orders [32m200 [0m114.248 ms - 1168[0m
[0mGET /login [36m304 [0m29.641 ms - -[0m
[0mPOST /auth/login/ [32m200 [0m54.838 ms - 225[0m
[0mGET /api/admin/orders [33m401 [0m1.714 ms - -[0m
[0mGET /orders [36m304 [0m26.998 ms - -[0m
[0mGET /favicon.ico [32m200 [0m2.083 ms - 743[0m
[0mGET /api/admin/orders [32m200 [0m109.487 ms - 1168[0m
[0mPOST /auth/login/ [32m200 [0m59.844 ms - 225[0m
[0mGET /api/admin/orders [36m304 [0m31.062 ms - -[0m
[0mPOST /auth/login/ [32m200 [0m132.397 ms - 225[0m
[0mGET /api/admin/orders [32m200 [0m132.482 ms - 1168[0m
[0mGET /orders [36m304 [0m33.193 ms - -[0m
[0mGET /favicon.ico [32m200 [0m3.831 ms - 743[0m
[0mGET /api/admin/orders [32m200 [0m106.647 ms - 1168[0m
[0mPOST /auth/login/ [32m200 [0m18.246 ms - 240[0m
[0mGET /api/admin/orders [36m304 [0m51.452 ms - -[0m
[0mGET /api/admin/products [36m304 [0m25.296 ms - -[0m
[0mGET /products [36m304 [0m13.643 ms - -[0m
[0mGET /favicon.ico [32m200 [0m4.676 ms - 743[0m
[0mGET /api/admin/products [36m304 [0m33.971 ms - -[0m
[0mGET /products [36m304 [0m13.399 ms - -[0m
[0mGET /api/admin/products [32m200 [0m113.484 ms - 1810[0m
[0mPOST /auth/login/ [32m200 [0m32.386 ms - 240[0m
[0mGET /api/admin/orders [36m304 [0m27.655 ms - -[0m
[0mGET /orders [36m304 [0m25.967 ms - -[0m
[0mGET /favicon.ico [0m- [0m- ms - -[0m
[0mGET /api/admin/orders [36m304 [0m178.890 ms - -[0m
[0mGET /orders [36m304 [0m1.819 ms - -[0m
[0mGET /api/admin/orders [36m304 [0m20.008 ms - -[0m
[0mPOST /auth/login/ [32m200 [0m78.391 ms - 240[0m
[0mGET /api/admin/orders [36m304 [0m82.695 ms - -[0m
[0mGET /orders [36m304 [0m16.149 ms - -[0m
[0mGET /favicon.ico [32m200 [0m5.296 ms - 743[0m
[0mGET /api/admin/orders [33m401 [0m5.285 ms - -[0m
[0mPOST /auth/login/ [32m200 [0m72.436 ms - 240[0m
[0mGET /api/admin/orders [33m401 [0m1.712 ms - -[0m
[0mGET /orders [36m304 [0m23.120 ms - -[0m
[0mGET /favicon.ico [32m200 [0m1.985 ms - 743[0m
[0mGET /api/admin/orders [33m401 [0m1.991 ms - -[0m
[0mGET /orders [36m304 [0m13.752 ms - -[0m
[0mGET /favicon.ico [0m- [0m- ms - -[0m
[0mGET /api/admin/orders [33m401 [0m1.931 ms - -[0m
[0mGET /orders [36m304 [0m12.000 ms - -[0m
[0mGET /favicon.ico [32m200 [0m2.389 ms - 743[0m
[0mGET /api/admin/orders [33m401 [0m1.859 ms - -[0m
[0mGET /orders [36m304 [0m4.429 ms - -[0m
[0mGET /api/admin/orders [33m401 [0m0.740 ms - -[0m
[0mGET /orders [36m304 [0m2.202 ms - -[0m
[0mGET /api/admin/orders [33m401 [0m0.362 ms - -[0m
[0mGET /orders [36m304 [0m1.398 ms - -[0m
[0mGET /api/admin/orders [33m401 [0m0.357 ms - -[0m
[0mGET /orders [36m304 [0m13.016 ms - -[0m
[0mGET /api/admin/orders [32m200 [0m131.640 ms - 1168[0m
[0mGET /orders [36m304 [0m20.167 ms - -[0m
[0mGET /favicon.ico [0m- [0m- ms - -[0m
[0mGET /api/admin/orders [32m200 [0m135.352 ms - 1168[0m
[0mPOST /auth/login/ [32m200 [0m25.432 ms - 240[0m
[0mGET /api/front/products [32m200 [0m53.726 ms - 1810[0m
[0mGET /files/null [33m404 [0m12.105 ms - 149[0m
[0mGET / [36m304 [0m2.140 ms - -[0m
[0mGET /api/front/products [36m304 [0m48.499 ms - -[0m
[0mGET /files/null [33m404 [0m0.607 ms - 149[0m
[0mGET / [36m304 [0m1.325 ms - -[0m
[0mGET /api/front/products [36m304 [0m28.944 ms - -[0m
[0mGET /files/null [33m404 [0m0.433 ms - 149[0m
[0mGET / [36m304 [0m26.018 ms - -[0m
[0mGET /favicon.ico [32m200 [0m2.687 ms - 743[0m
[0mGET /api/front/products [32m200 [0m107.159 ms - 1810[0m
[0mGET /files/null [33m404 [0m1.852 ms - 149[0m
[0mGET / [36m304 [0m205.114 ms - -[0m
[0mGET /favicon.ico [32m200 [0m1.960 ms - 743[0m
[0mGET / [36m304 [0m1.251 ms - -[0m
[0mGET / [36m304 [0m25.453 ms - -[0m
[0mGET /favicon.ico [32m200 [0m2.128 ms - 743[0m
[0mGET /api/front/products [31m500 [0m2.713 ms - 2234[0m
[0mGET / [36m304 [0m1.268 ms - -[0m
[0mGET /favicon.ico [32m200 [0m1.249 ms - 743[0m
[0mGET /api/front/products [31m500 [0m1.176 ms - 2234[0m
[0mGET / [36m304 [0m30.344 ms - -[0m
[0mGET /api/front/products [32m200 [0m217.479 ms - 805[0m
[0mGET /files/null [33m404 [0m1.848 ms - 149[0m
[0mGET /api/admin/users [32m200 [0m15.792 ms - 462[0m
[0mGET /api/admin/products [31m500 [0m12.095 ms - 2239[0m
[0mGET /products [36m304 [0m2.954 ms - -[0m
[0mGET /favicon.ico [32m200 [0m1.470 ms - 743[0m
[0mGET /api/admin/products [31m500 [0m1.683 ms - 2239[0m
[0mGET /products [36m304 [0m117.601 ms - -[0m
[0mGET /favicon.ico [32m200 [0m2.163 ms - 743[0m
[0mGET /api/admin/products [32m200 [0m156.616 ms - 1816[0m
[0mGET /products [36m304 [0m275.955 ms - -[0m
[0mGET /favicon.ico [32m200 [0m8.253 ms - 743[0m
[0mGET /api/admin/products [32m200 [0m95.314 ms - 1816[0m
[0mGET /api/admin/users [32m200 [0m210.525 ms - 462[0m
[0mGET /users [36m304 [0m97.943 ms - -[0m
[0mGET /favicon.ico [32m200 [0m2.863 ms - 743[0m
[0mGET /api/admin/users [32m200 [0m38.005 ms - 462[0m
[0mGET /users [36m304 [0m18.880 ms - -[0m
[0mGET /favicon.ico [32m200 [0m1.936 ms - 743[0m
[0mGET /api/admin/users [32m200 [0m66.764 ms - 462[0m
[0mGET /users [36m304 [0m11.721 ms - -[0m
[0mGET /favicon.ico [0m- [0m- ms - -[0m
[0mGET /api/admin/users [36m304 [0m47.944 ms - -[0m
[0mPOST /api/admin/users/ [31m500 [0m52.863 ms - 1351[0m
[0mGET /users [36m304 [0m50.561 ms - -[0m
[0mGET /favicon.ico [32m200 [0m1.860 ms - 743[0m
[0mGET /api/admin/users [36m304 [0m78.962 ms - -[0m
[0mPOST /api/admin/users/ [32m200 [0m285.148 ms - 276[0m
[0mGET /users [36m304 [0m4.506 ms - -[0m
[0mGET /api/admin/users [32m200 [0m12.515 ms - 739[0m
[0mPOST /auth/login/ [32m200 [0m31.147 ms - 249[0m
[0mGET /api/front/products [32m200 [0m59.019 ms - 805[0m
[0mGET /files/null [33m404 [0m2.551 ms - 149[0m
[0mGET /api/admin/products [32m200 [0m28.464 ms - 1816[0m
[0mGET /products [36m304 [0m2.151 ms - -[0m
[0mGET /favicon.ico [32m200 [0m1.414 ms - 743[0m
[0mGET /api/admin/products [36m302 [0m5.157 ms - 28[0m
[0mGET /login [32m200 [0m1.875 ms - 743[0m
[0mGET /products [36m304 [0m12.225 ms - -[0m
[0mGET /api/admin/products [36m304 [0m237.205 ms - -[0m
[0mGET /products [36m304 [0m27.156 ms - -[0m
[0mGET /api/admin/products [31m500 [0m9.757 ms - 2238[0m
[0mGET /products [36m304 [0m15.006 ms - -[0m
[0mGET /api/admin/products [32m200 [0m202.644 ms - 1816[0m
[0mGET /products [36m304 [0m11.116 ms - -[0m
[0mGET /favicon.ico [32m200 [0m2.530 ms - 743[0m
[0mGET /api/admin/products [32m200 [0m155.131 ms - 1816[0m
[0mGET /products [36m304 [0m124.558 ms - -[0m
[0mGET /api/admin/products [36m304 [0m161.064 ms - -[0m
[0mGET /products [36m304 [0m88.372 ms - -[0m
[0mGET /api/admin/products [32m200 [0m154.866 ms - 163[0m
[0mPOST /api/admin/uploads [32m200 [0m13.271 ms - 139[0m
[0mPOST /api/admin/products/ [32m200 [0m87.256 ms - 292[0m
[0mGET /api/admin/products [32m200 [0m24.311 ms - 582[0m
[0mGET /api/admin/users [32m200 [0m23.222 ms - 739[0m
[0mGET /api/admin/products [32m200 [0m15.629 ms - 582[0m
[0mGET /products [36m304 [0m65.296 ms - -[0m
[0mGET /favicon.ico [32m200 [0m1.447 ms - 743[0m
[0mGET /api/admin/products [32m200 [0m27.911 ms - 582[0m
[0mGET /api/admin/orders [32m200 [0m283.105 ms - 1588[0m
[0mGET /orders [36m304 [0m217.127 ms - -[0m
[0mGET /favicon.ico [32m200 [0m18.545 ms - 743[0m
[0mGET /api/admin/orders [32m200 [0m285.180 ms - 582[0m
[0mGET /Screenshot%20from%202021-02-09%2017-28-29.png [32m200 [0m2.161 ms - 743[0m
[0mPOST /auth/login/ [32m200 [0m54.678 ms - 249[0m
[0mGET /api/front/products [32m200 [0m119.139 ms - 805[0m
[0mGET /files/null [33m404 [0m2.189 ms - 149[0m
[0mGET /api/admin/products [32m200 [0m36.127 ms - 582[0m
[0mGET /api/admin/orders [32m200 [0m16.514 ms - 582[0m
[0mGET /api/front/products [32m200 [0m19.438 ms - 805[0m
[0mGET /files/null [33m404 [0m0.639 ms - 149[0m
[0mGET /api/admin/products [36m304 [0m13.287 ms - -[0m
[0mGET /api/admin/orders [36m304 [0m38.881 ms - -[0m
[0mGET /Screenshot%20from%202021-02-09%2017-28-29.png [36m304 [0m38.466 ms - -[0m
[0mGET /orders [36m304 [0m15.404 ms - -[0m
[0mGET /favicon.ico [32m200 [0m2.761 ms - 743[0m
[0mGET /api/admin/orders [32m200 [0m107.661 ms - 582[0m
[0mGET /orders [36m304 [0m2.105 ms - -[0m
[0mGET /api/admin/orders [36m304 [0m60.449 ms - -[0m
[0mPOST /auth/login/ [32m200 [0m21.952 ms - 249[0m
[0mGET /api/front/products [36m304 [0m22.777 ms - -[0m
[0mGET /files/null [33m404 [0m1.601 ms - 149[0m
[0mGET /api/admin/orders [36m304 [0m23.635 ms - -[0m
[0mGET /Screenshot%20from%202021-02-09%2017-28-29.png [36m304 [0m1.310 ms - -[0m
[0mGET /orders [36m304 [0m1.270 ms - -[0m
[0mGET /favicon.ico [32m200 [0m1.345 ms - 743[0m
[0mGET /api/admin/orders [36m304 [0m41.230 ms - -[0m
[0mGET /orders [36m304 [0m18.909 ms - -[0m
[0mGET /favicon.ico [0m- [0m- ms - -[0m
[0mGET /orders [36m304 [0m30.552 ms - -[0m
[0mGET /api/admin/orders [32m200 [0m173.706 ms - 582[0m
[0mGET /Screenshot%20from%202021-02-09%2017-28-29.png [32m200 [0m1.857 ms - 743[0m
[0mPUT /api/admin/products/623bd6d57c645f14fdfdc797 [32m200 [0m147.988 ms - 353[0m
[0mGET /api/admin/orders [32m200 [0m21.152 ms - 530[0m
[0mGET /null [32m200 [0m2.267 ms - 743[0m
[0mGET /files/null [33m404 [0m2.006 ms - 149[0m
[0mPUT /api/admin/products/623bd6d57c645f14fdfdc797 [32m200 [0m50.317 ms - 297[0m
[0mGET /api/admin/orders [32m200 [0m40.627 ms - 530[0m
[0mGET /orders [36m304 [0m13.213 ms - -[0m
[0mGET /favicon.ico [32m200 [0m1.982 ms - 743[0m
[0mGET /api/admin/orders [32m200 [0m198.341 ms - 530[0m
[0mGET /files/null [33m404 [0m1.929 ms - 149[0m
[0mGET /files/null [33m404 [0m0.823 ms - 149[0m
[0mGET /null [36m304 [0m2.129 ms - -[0m
[0mGET /orders [36m304 [0m16.263 ms - -[0m
[0mGET /favicon.ico [0m- [0m- ms - -[0m
[0mGET /api/admin/orders [32m200 [0m171.000 ms - 530[0m
[0mGET /files/null [33m404 [0m2.782 ms - 149[0m
[0mGET /files/null [33m404 [0m0.852 ms - 149[0m
[0mGET /null [36m304 [0m2.368 ms - -[0m
[0mGET /orders [36m304 [0m22.116 ms - -[0m
[0mGET /api/admin/orders [32m200 [0m72.344 ms - 530[0m
[0mGET /files/null [33m404 [0m1.803 ms - 149[0m
[0mGET /files/null [33m404 [0m3.144 ms - 149[0m
[0mGET /null [32m200 [0m2.483 ms - 743[0m
[0mGET /api/front/products [32m200 [0m36.282 ms - 805[0m
[0mGET /files/null [33m404 [0m0.425 ms - 149[0m
[0mGET /api/admin/products [32m200 [0m33.559 ms - 530[0m
[0mPOST /api/admin/uploads [32m200 [0m3.224 ms - 139[0m
[0mPOST /api/admin/products/ [32m200 [0m98.147 ms - 257[0m
[0mGET /api/admin/orders [32m200 [0m44.547 ms - 915[0m
[0mGET /api/admin/products [32m200 [0m19.008 ms - 915[0m
[0mGET /api/admin/orders [32m200 [0m45.209 ms - 915[0m
[0mGET /files/null [33m404 [0m0.407 ms - 149[0m
[0mGET /files/null [33m404 [0m0.508 ms - 149[0m
[0mGET /null [36m304 [0m1.343 ms - -[0m
[0mPUT /api/admin/products/623bd6d57c645f14fdfdc797 [32m200 [0m122.256 ms - 297[0m
[0mGET /api/admin/orders [32m200 [0m33.042 ms - 901[0m
[0mGET /api/admin/products [32m200 [0m134.922 ms - 901[0m
[0mGET /api/admin/orders [32m200 [0m157.422 ms - 901[0m
[0mGET /api/admin/products [36m304 [0m43.231 ms - -[0m
[0mGET /api/front/products [36m304 [0m15.396 ms - -[0m
[0mGET /files/null [33m404 [0m0.394 ms - 149[0m
[0mPOST /auth/login/ [32m200 [0m57.432 ms - 240[0m
[0mGET /api/front/products [36m304 [0m36.061 ms - -[0m
[0mGET /files/null [33m404 [0m0.434 ms - 149[0m
[0mGET /api/admin/users [32m200 [0m19.841 ms - 739[0m
[0mGET /api/admin/products [32m200 [0m38.739 ms - 901[0m
[0mGET /api/admin/orders [32m200 [0m43.475 ms - 901[0m
[0mGET /files/null [33m404 [0m0.398 ms - 149[0m
[0mGET /files/null [33m404 [0m0.399 ms - 149[0m
[0mGET /null [36m304 [0m1.627 ms - -[0m
[0mPUT /api/admin/orders/623bd6d57c645f14fdfdc797 [36m302 [0m35.130 ms - 28[0m
[0mPUT /login [33m404 [0m3.335 ms - 144[0m
[0mGET /Screenshot%20from%202021-02-09%2017-35-58.png [32m200 [0m1.394 ms - 743[0m
[0mGET /orders [36m304 [0m2.080 ms - -[0m
[0mGET /favicon.ico [32m200 [0m1.140 ms - 743[0m
[0mGET /api/admin/orders [32m200 [0m41.427 ms - 1907[0m
[0mGET /Screenshot%20from%202022-03-21%2010-20-42.png [32m200 [0m1.732 ms - 743[0m
[0mPUT /api/admin/orders/623b4d36f7aa02267cb630f1 [32m200 [0m14.090 ms - 316[0m
[0mGET /api/admin/orders [32m200 [0m66.896 ms - 1539[0m
[0mGET /Screenshot%20from%202021-02-09%2017-35-58.png [32m200 [0m1.147 ms - 743[0m
[0mPUT /api/admin/orders/623a7e80fc35a93b128f57c5 [32m200 [0m6.251 ms - 287[0m
[0mGET /api/admin/orders [32m200 [0m49.260 ms - 1241[0m
[0mGET /nefty.png [32m200 [0m1.072 ms - 743[0m
[0mPUT /api/admin/orders/623b4dca4c239a278f211bf6 [32m200 [0m10.361 ms - 288[0m
[0mGET /api/admin/orders [32m200 [0m41.693 ms - 901[0m
[0mGET /null [32m200 [0m1.187 ms - 743[0m
[0mGET /files/null [33m404 [0m0.626 ms - 149[0m
[0mPUT /api/admin/orders/623bd6d57c645f14fdfdc797 [32m200 [0m10.031 ms - 283[0m
[0mGET /api/admin/orders [32m200 [0m38.185 ms - 547[0m
[0mGET /Screenshot%20from%202021-02-09%2017-35-58.png [32m200 [0m1.138 ms - 743[0m
[0mPUT /api/admin/orders/623bdb6c1149d31ea59cdbc7 [32m200 [0m22.041 ms - 318[0m
[0mGET /api/admin/orders [32m200 [0m8.497 ms - 163[0m
[0mGET /orders [36m304 [0m1.102 ms - -[0m
[0mGET /favicon.ico [0m- [0m- ms - -[0m
[0mGET /api/admin/orders [36m304 [0m63.051 ms - -[0m
[0mGET /api/admin/products [32m200 [0m23.890 ms - 2430[0m
[0mPOST /api/admin/uploads [32m200 [0m0.679 ms - 139[0m
[0mPUT /api/admin/products/623b4d36f7aa02267cb630f1 [32m200 [0m97.139 ms - 277[0m
[0mGET /api/admin/orders [32m200 [0m85.537 ms - 534[0m
[0mGET /api/admin/products [32m200 [0m58.281 ms - 2470[0m
[0mGET /api/admin/orders [36m304 [0m13.963 ms - -[0m
[0mGET /Screenshot%20from%202021-02-09%2017-35-58.png [36m304 [0m36.610 ms - -[0m
[0mPUT /api/admin/orders/623b4d36f7aa02267cb630f1 [32m200 [0m43.149 ms - 316[0m
[0mGET /api/admin/orders [32m200 [0m15.506 ms - 163[0m
[0mGET /api/admin/orders [32m200 [0m18.445 ms - 163[0m
[0mGET /api/admin/products [32m200 [0m105.150 ms - 2430[0m
[0mGET /api/admin/products [36m304 [0m52.234 ms - -[0m
[0mPOST /api/admin/uploads [32m200 [0m0.437 ms - 45[0m
[0mPOST /api/admin/uploads [32m200 [0m0.437 ms - 45[0m
[0mPOST /api/admin/uploads [32m200 [0m8.125 ms - 139[0m
[0mPUT /api/admin/products/623b4d36f7aa02267cb630f1 [32m200 [0m8.250 ms - 277[0m
[0mGET /api/admin/orders [32m200 [0m41.657 ms - 537[0m
[0mGET /api/admin/orders [32m200 [0m249.276 ms - 537[0m
[0mGET /api/admin/products [32m200 [0m261.703 ms - 2473[0m
[0mGET /api/admin/products [32m200 [0m65.669 ms - 2473[0m
[0mGET /api/admin/orders [36m304 [0m22.017 ms - -[0m
[0mGET /login [32m200 [0m1.231 ms - 743[0m
[0mGET /favicon.ico [32m200 [0m1.808 ms - 743[0m
[0mGET /api/front/products [32m200 [0m57.623 ms - 1397[0m
[0mGET /files/null [33m404 [0m0.333 ms - 149[0m
[0mGET / [36m304 [0m1.150 ms - -[0m
[0mGET /favicon.ico [0m- [0m- ms - -[0m
[0mGET /api/front/products [32m200 [0m27.847 ms - 1397[0m
[0mGET /files/null [33m404 [0m0.366 ms - 149[0m
[0mGET / [36m304 [0m114.346 ms - -[0m
[0mGET /favicon.ico [32m200 [0m4.818 ms - 743[0m
[0mGET /api/front/products [32m200 [0m197.299 ms - 1397[0m
[0mGET /files/null [33m404 [0m1.939 ms - 149[0m
[0mPOST /auth/login/ [32m200 [0m98.990 ms - 240[0m
[0mGET /api/front/products [32m200 [0m40.899 ms - 1397[0m
[0mGET /files/null [33m404 [0m0.661 ms - 149[0m
[0mGET /api/admin/users [32m200 [0m17.438 ms - 739[0m
[0mGET /users [36m304 [0m2.029 ms - -[0m
[0mGET /favicon.ico [32m200 [0m1.308 ms - 743[0m
[0mGET /api/admin/users [32m200 [0m6.816 ms - 739[0m
[0mGET /users [36m304 [0m37.516 ms - -[0m
[0mGET /favicon.ico [0m- [0m- ms - -[0m
[0mGET /api/admin/users [36m304 [0m77.341 ms - -[0m
[0mGET /users [36m304 [0m33.545 ms - -[0m
[0mGET /favicon.ico [32m200 [0m2.821 ms - 743[0m
[0mGET /api/admin/users [36m304 [0m133.573 ms - -[0m
[0mPOST /auth/login/ [31m500 [0m338.584 ms - 145[0m
[0mPOST /auth/login/ [32m200 [0m381.553 ms - 240[0m
[0mGET /api/front/products [32m200 [0m99.778 ms - 1397[0m
[0mGET /files/null [33m404 [0m1.137 ms - 149[0m
